[30-Jul-2021 13:10:55 Asia/Singapore] PHP Fatal error:  During class fetch: Uncaught ParseError: syntax error, unexpected token "}" in /home/zen/www/test-post-crud-app/app/Traits/FileHandleTrait.php:17
Stack trace:
#0 /home/zen/www/test-post-crud-app/vendor/composer/ClassLoader.php(346): Composer\Autoload\includeFile()
#1 /home/zen/www/test-post-crud-app/app/Http/Controllers/Auth/UpdateProfileImageController.php(9): Composer\Autoload\ClassLoader->loadClass()
#2 /home/zen/www/test-post-crud-app/vendor/composer/ClassLoader.php(480): include('...')
#3 /home/zen/www/test-post-crud-app/vendor/composer/ClassLoader.php(346): Composer\Autoload\includeFile()
#4 [internal function]: Composer\Autoload\ClassLoader->loadClass()
#5 /home/zen/www/test-post-crud-app/vendor/laravel/framework/src/Illuminate/Routing/RouteAction.php(91): method_exists()
#6 /home/zen/www/test-post-crud-app/vendor/laravel/framework/src/Illuminate/Routing/RouteAction.php(47): Illuminate\Routing\RouteAction::makeInvokable()
#7 /home/zen/www/test-post-crud-app/vendor/laravel/framework/src/Illuminate/Routing/Route.php(183): Illuminate\Routing\RouteAction::parse()
#8 /home/zen/www/test-post-crud-app/vendor/laravel/framework/src/Illuminate/Routing/Route.php(164): Illuminate\Routing\Route->parseAction()
#9 /home/zen/www/test-post-crud-app/vendor/laravel/framework/src/Illuminate/Routing/Router.php(557): Illuminate\Routing\Route->__construct()
#10 /home/zen/www/test-post-crud-app/vendor/laravel/framework/src/Illuminate/Routing/Router.php(476): Illuminate\Routing\Router->newRoute()
#11 /home/zen/www/test-post-crud-app/vendor/laravel/framework/src/Illuminate/Routing/Router.php(455): Illuminate\Routing\Router->createRoute()
#12 /home/zen/www/test-post-crud-app/vendor/laravel/framework/src/Illuminate/Routing/Router.php(159): Illuminate\Routing\Router->addRoute()
#13 /home/zen/www/test-post-crud-app/vendor/laravel/framework/src/Illuminate/Support/Facades/Facade.php(261): Illuminate\Routing\Router->post()
#14 /home/zen/www/test-post-crud-app/routes/api.php(43): Illuminate\Support\Facades\Facade::__callStatic()
#15 /home/zen/www/test-post-crud-app/vendor/laravel/framework/src/Illuminate/Routing/Router.php(423): Illuminate\Routing\RouteFileRegistrar->{closure}()
#16 /home/zen/www/test-post-crud-app/vendor/laravel/framework/src/Illuminate/Routing/Router.php(382): Illuminate\Routing\Router->loadRoutes()
#17 /home/zen/www/test-post-crud-app/vendor/laravel/framework/src/Illuminate/Routing/RouteRegistrar.php(135): Illuminate\Routing\Router->group()
#18 /home/zen/www/test-post-crud-app/routes/api.php(44): Illuminate\Routing\RouteRegistrar->group()
#19 /home/zen/www/test-post-crud-app/vendor/laravel/framework/src/Illuminate/Routing/RouteFileRegistrar.php(35): require('...')
#20 /home/zen/www/test-post-crud-app/vendor/laravel/framework/src/Illuminate/Routing/Router.php(425): Illuminate\Routing\RouteFileRegistrar->register()
#21 /home/zen/www/test-post-crud-app/vendor/laravel/framework/src/Illuminate/Routing/Router.php(382): Illuminate\Routing\Router->loadRoutes()
#22 /home/zen/www/test-post-crud-app/vendor/laravel/framework/src/Illuminate/Routing/RouteRegistrar.php(135): Illuminate\Routing\Router->group()
#23 /home/zen/www/test-post-crud-app/app/Providers/RouteServiceProvider.php(45): Illuminate\Routing\RouteRegistrar->group()
#24 /home/zen/www/test-post-crud-app/vendor/laravel/framework/src/Illuminate/Container/BoundMethod.php(36): App\Providers\RouteServiceProvider->App\Providers\{closure}()
#25 /home/zen/www/test-post-crud-app/vendor/laravel/framework/src/Illuminate/Container/Util.php(40): Illuminate\Container\BoundMethod::Illuminate\Container\{closure}()
#26 /home/zen/www/test-post-crud-app/vendor/laravel/framework/src/Illuminate/Container/BoundMethod.php(81): Illuminate\Container\Util::unwrapIfClosure()
#27 /home/zen/www/test-post-crud-app/vendor/laravel/framework/src/Illuminate/Container/BoundMethod.php(37): Illuminate\Container\BoundMethod::callBoundMethod()
#28 /home/zen/www/test-post-crud-app/vendor/laravel/framework/src/Illuminate/Container/Container.php(611): Illuminate\Container\BoundMethod::call()
#29 /home/zen/www/test-post-crud-app/vendor/laravel/framework/src/Illuminate/Foundation/Support/Providers/RouteServiceProvider.php(120): Illuminate\Container\Container->call()
#30 /home/zen/www/test-post-crud-app/vendor/laravel/framework/src/Illuminate/Foundation/Support/Providers/RouteServiceProvider.php(45): Illuminate\Foundation\Support\Providers\RouteServiceProvider->loadRoutes()
#31 /home/zen/www/test-post-crud-app/vendor/laravel/framework/src/Illuminate/Container/BoundMethod.php(36): Illuminate\Foundation\Support\Providers\RouteServiceProvider->Illuminate\Foundation\Support\Providers\{closure}()
#32 /home/zen/www/test-post-crud-app/vendor/laravel/framework/src/Illuminate/Container/Util.php(40): Illuminate\Container\BoundMethod::Illuminate\Container\{closure}()
#33 /home/zen/www/test-post-crud-app/vendor/laravel/framework/src/Illuminate/Container/BoundMethod.php(81): Illuminate\Container\Util::unwrapIfClosure()
#34 /home/zen/www/test-post-crud-app/vendor/laravel/framework/src/Illuminate/Container/BoundMethod.php(37): Illuminate\Container\BoundMethod::callBoundMethod()
#35 /home/zen/www/test-post-crud-app/vendor/laravel/framework/src/Illuminate/Container/Container.php(611): Illuminate\Container\BoundMethod::call()
#36 /home/zen/www/test-post-crud-app/vendor/laravel/framework/src/Illuminate/Support/ServiceProvider.php(113): Illuminate\Container\Container->call()
#37 /home/zen/www/test-post-crud-app/vendor/laravel/framework/src/Illuminate/Foundation/Application.php(917): Illuminate\Support\ServiceProvider->callBootedCallbacks()
#38 /home/zen/www/test-post-crud-app/vendor/laravel/framework/src/Illuminate/Foundation/Application.php(895): Illuminate\Foundation\Application->bootProvider()
#39 [internal function]: Illuminate\Foundation\Application->Illuminate\Foundation\{closure}()
#40 /home/zen/www/test-post-crud-app/vendor/laravel/framework/src/Illuminate/Foundation/Application.php(896): array_walk()
#41 /home/zen/www/test-post-crud-app/vendor/laravel/framework/src/Illuminate/Foundation/Bootstrap/BootProviders.php(17): Illuminate\Foundation\Application->boot()
#42 /home/zen/www/test-post-crud-app/vendor/laravel/framework/src/Illuminate/Foundation/Application.php(237): Illuminate\Foundation\Bootstrap\BootProviders->bootstrap()
#43 /home/zen/www/test-post-crud-app/vendor/laravel/framework/src/Illuminate/Foundation/Console/Kernel.php(310): Illuminate\Foundation\Application->bootstrapWith()
#44 /home/zen/www/test-post-crud-app/vendor/laravel/framework/src/Illuminate/Foundation/Console/Kernel.php(127): Illuminate\Foundation\Console\Kernel->bootstrap()
#45 Command line code(1): Illuminate\Foundation\Console\Kernel->handle()
#46 {main} in /home/zen/www/test-post-crud-app/app/Http/Controllers/Auth/UpdateProfileImageController.php on line 9
[30-Jul-2021 13:11:45 Asia/Singapore] PHP Fatal error:  During class fetch: Uncaught ParseError: syntax error, unexpected token "}" in /home/zen/www/test-post-crud-app/app/Traits/FileHandleTrait.php:17
Stack trace:
#0 /home/zen/www/test-post-crud-app/vendor/composer/ClassLoader.php(346): Composer\Autoload\includeFile()
#1 /home/zen/www/test-post-crud-app/app/Http/Controllers/Auth/UpdateProfileImageController.php(9): Composer\Autoload\ClassLoader->loadClass()
#2 /home/zen/www/test-post-crud-app/vendor/composer/ClassLoader.php(480): include('...')
#3 /home/zen/www/test-post-crud-app/vendor/composer/ClassLoader.php(346): Composer\Autoload\includeFile()
#4 [internal function]: Composer\Autoload\ClassLoader->loadClass()
#5 /home/zen/www/test-post-crud-app/vendor/laravel/framework/src/Illuminate/Routing/RouteAction.php(91): method_exists()
#6 /home/zen/www/test-post-crud-app/vendor/laravel/framework/src/Illuminate/Routing/RouteAction.php(47): Illuminate\Routing\RouteAction::makeInvokable()
#7 /home/zen/www/test-post-crud-app/vendor/laravel/framework/src/Illuminate/Routing/Route.php(183): Illuminate\Routing\RouteAction::parse()
#8 /home/zen/www/test-post-crud-app/vendor/laravel/framework/src/Illuminate/Routing/Route.php(164): Illuminate\Routing\Route->parseAction()
#9 /home/zen/www/test-post-crud-app/vendor/laravel/framework/src/Illuminate/Routing/Router.php(557): Illuminate\Routing\Route->__construct()
#10 /home/zen/www/test-post-crud-app/vendor/laravel/framework/src/Illuminate/Routing/Router.php(476): Illuminate\Routing\Router->newRoute()
#11 /home/zen/www/test-post-crud-app/vendor/laravel/framework/src/Illuminate/Routing/Router.php(455): Illuminate\Routing\Router->createRoute()
#12 /home/zen/www/test-post-crud-app/vendor/laravel/framework/src/Illuminate/Routing/Router.php(159): Illuminate\Routing\Router->addRoute()
#13 /home/zen/www/test-post-crud-app/vendor/laravel/framework/src/Illuminate/Support/Facades/Facade.php(261): Illuminate\Routing\Router->post()
#14 /home/zen/www/test-post-crud-app/routes/api.php(43): Illuminate\Support\Facades\Facade::__callStatic()
#15 /home/zen/www/test-post-crud-app/vendor/laravel/framework/src/Illuminate/Routing/Router.php(423): Illuminate\Routing\RouteFileRegistrar->{closure}()
#16 /home/zen/www/test-post-crud-app/vendor/laravel/framework/src/Illuminate/Routing/Router.php(382): Illuminate\Routing\Router->loadRoutes()
#17 /home/zen/www/test-post-crud-app/vendor/laravel/framework/src/Illuminate/Routing/RouteRegistrar.php(135): Illuminate\Routing\Router->group()
#18 /home/zen/www/test-post-crud-app/routes/api.php(44): Illuminate\Routing\RouteRegistrar->group()
#19 /home/zen/www/test-post-crud-app/vendor/laravel/framework/src/Illuminate/Routing/RouteFileRegistrar.php(35): require('...')
#20 /home/zen/www/test-post-crud-app/vendor/laravel/framework/src/Illuminate/Routing/Router.php(425): Illuminate\Routing\RouteFileRegistrar->register()
#21 /home/zen/www/test-post-crud-app/vendor/laravel/framework/src/Illuminate/Routing/Router.php(382): Illuminate\Routing\Router->loadRoutes()
#22 /home/zen/www/test-post-crud-app/vendor/laravel/framework/src/Illuminate/Routing/RouteRegistrar.php(135): Illuminate\Routing\Router->group()
#23 /home/zen/www/test-post-crud-app/app/Providers/RouteServiceProvider.php(45): Illuminate\Routing\RouteRegistrar->group()
#24 /home/zen/www/test-post-crud-app/vendor/laravel/framework/src/Illuminate/Container/BoundMethod.php(36): App\Providers\RouteServiceProvider->App\Providers\{closure}()
#25 /home/zen/www/test-post-crud-app/vendor/laravel/framework/src/Illuminate/Container/Util.php(40): Illuminate\Container\BoundMethod::Illuminate\Container\{closure}()
#26 /home/zen/www/test-post-crud-app/vendor/laravel/framework/src/Illuminate/Container/BoundMethod.php(81): Illuminate\Container\Util::unwrapIfClosure()
#27 /home/zen/www/test-post-crud-app/vendor/laravel/framework/src/Illuminate/Container/BoundMethod.php(37): Illuminate\Container\BoundMethod::callBoundMethod()
#28 /home/zen/www/test-post-crud-app/vendor/laravel/framework/src/Illuminate/Container/Container.php(611): Illuminate\Container\BoundMethod::call()
#29 /home/zen/www/test-post-crud-app/vendor/laravel/framework/src/Illuminate/Foundation/Support/Providers/RouteServiceProvider.php(120): Illuminate\Container\Container->call()
#30 /home/zen/www/test-post-crud-app/vendor/laravel/framework/src/Illuminate/Foundation/Support/Providers/RouteServiceProvider.php(45): Illuminate\Foundation\Support\Providers\RouteServiceProvider->loadRoutes()
#31 /home/zen/www/test-post-crud-app/vendor/laravel/framework/src/Illuminate/Container/BoundMethod.php(36): Illuminate\Foundation\Support\Providers\RouteServiceProvider->Illuminate\Foundation\Support\Providers\{closure}()
#32 /home/zen/www/test-post-crud-app/vendor/laravel/framework/src/Illuminate/Container/Util.php(40): Illuminate\Container\BoundMethod::Illuminate\Container\{closure}()
#33 /home/zen/www/test-post-crud-app/vendor/laravel/framework/src/Illuminate/Container/BoundMethod.php(81): Illuminate\Container\Util::unwrapIfClosure()
#34 /home/zen/www/test-post-crud-app/vendor/laravel/framework/src/Illuminate/Container/BoundMethod.php(37): Illuminate\Container\BoundMethod::callBoundMethod()
#35 /home/zen/www/test-post-crud-app/vendor/laravel/framework/src/Illuminate/Container/Container.php(611): Illuminate\Container\BoundMethod::call()
#36 /home/zen/www/test-post-crud-app/vendor/laravel/framework/src/Illuminate/Support/ServiceProvider.php(113): Illuminate\Container\Container->call()
#37 /home/zen/www/test-post-crud-app/vendor/laravel/framework/src/Illuminate/Foundation/Application.php(917): Illuminate\Support\ServiceProvider->callBootedCallbacks()
#38 /home/zen/www/test-post-crud-app/vendor/laravel/framework/src/Illuminate/Foundation/Application.php(895): Illuminate\Foundation\Application->bootProvider()
#39 [internal function]: Illuminate\Foundation\Application->Illuminate\Foundation\{closure}()
#40 /home/zen/www/test-post-crud-app/vendor/laravel/framework/src/Illuminate/Foundation/Application.php(896): array_walk()
#41 /home/zen/www/test-post-crud-app/vendor/laravel/framework/src/Illuminate/Foundation/Bootstrap/BootProviders.php(17): Illuminate\Foundation\Application->boot()
#42 /home/zen/www/test-post-crud-app/vendor/laravel/framework/src/Illuminate/Foundation/Application.php(237): Illuminate\Foundation\Bootstrap\BootProviders->bootstrap()
#43 /home/zen/www/test-post-crud-app/vendor/laravel/framework/src/Illuminate/Foundation/Console/Kernel.php(310): Illuminate\Foundation\Application->bootstrapWith()
#44 /home/zen/www/test-post-crud-app/vendor/laravel/framework/src/Illuminate/Foundation/Console/Kernel.php(127): Illuminate\Foundation\Console\Kernel->bootstrap()
#45 Command line code(1): Illuminate\Foundation\Console\Kernel->handle()
#46 {main} in /home/zen/www/test-post-crud-app/app/Http/Controllers/Auth/UpdateProfileImageController.php on line 9
[30-Jul-2021 13:11:45 Asia/Singapore] PHP Fatal error:  During class fetch: Uncaught ParseError: syntax error, unexpected token "}" in /home/zen/www/test-post-crud-app/app/Traits/FileHandleTrait.php:17
Stack trace:
#0 /home/zen/www/test-post-crud-app/vendor/composer/ClassLoader.php(346): Composer\Autoload\includeFile()
#1 /home/zen/www/test-post-crud-app/app/Http/Controllers/Auth/UpdateProfileImageController.php(9): Composer\Autoload\ClassLoader->loadClass()
#2 /home/zen/www/test-post-crud-app/vendor/composer/ClassLoader.php(480): include('...')
#3 /home/zen/www/test-post-crud-app/vendor/composer/ClassLoader.php(346): Composer\Autoload\includeFile()
#4 [internal function]: Composer\Autoload\ClassLoader->loadClass()
#5 /home/zen/www/test-post-crud-app/vendor/laravel/framework/src/Illuminate/Routing/RouteAction.php(91): method_exists()
#6 /home/zen/www/test-post-crud-app/vendor/laravel/framework/src/Illuminate/Routing/RouteAction.php(47): Illuminate\Routing\RouteAction::makeInvokable()
#7 /home/zen/www/test-post-crud-app/vendor/laravel/framework/src/Illuminate/Routing/Route.php(183): Illuminate\Routing\RouteAction::parse()
#8 /home/zen/www/test-post-crud-app/vendor/laravel/framework/src/Illuminate/Routing/Route.php(164): Illuminate\Routing\Route->parseAction()
#9 /home/zen/www/test-post-crud-app/vendor/laravel/framework/src/Illuminate/Routing/Router.php(557): Illuminate\Routing\Route->__construct()
#10 /home/zen/www/test-post-crud-app/vendor/laravel/framework/src/Illuminate/Routing/Router.php(476): Illuminate\Routing\Router->newRoute()
#11 /home/zen/www/test-post-crud-app/vendor/laravel/framework/src/Illuminate/Routing/Router.php(455): Illuminate\Routing\Router->createRoute()
#12 /home/zen/www/test-post-crud-app/vendor/laravel/framework/src/Illuminate/Routing/Router.php(159): Illuminate\Routing\Router->addRoute()
#13 /home/zen/www/test-post-crud-app/vendor/laravel/framework/src/Illuminate/Support/Facades/Facade.php(261): Illuminate\Routing\Router->post()
#14 /home/zen/www/test-post-crud-app/routes/api.php(43): Illuminate\Support\Facades\Facade::__callStatic()
#15 /home/zen/www/test-post-crud-app/vendor/laravel/framework/src/Illuminate/Routing/Router.php(423): Illuminate\Routing\RouteFileRegistrar->{closure}()
#16 /home/zen/www/test-post-crud-app/vendor/laravel/framework/src/Illuminate/Routing/Router.php(382): Illuminate\Routing\Router->loadRoutes()
#17 /home/zen/www/test-post-crud-app/vendor/laravel/framework/src/Illuminate/Routing/RouteRegistrar.php(135): Illuminate\Routing\Router->group()
#18 /home/zen/www/test-post-crud-app/routes/api.php(44): Illuminate\Routing\RouteRegistrar->group()
#19 /home/zen/www/test-post-crud-app/vendor/laravel/framework/src/Illuminate/Routing/RouteFileRegistrar.php(35): require('...')
#20 /home/zen/www/test-post-crud-app/vendor/laravel/framework/src/Illuminate/Routing/Router.php(425): Illuminate\Routing\RouteFileRegistrar->register()
#21 /home/zen/www/test-post-crud-app/vendor/laravel/framework/src/Illuminate/Routing/Router.php(382): Illuminate\Routing\Router->loadRoutes()
#22 /home/zen/www/test-post-crud-app/vendor/laravel/framework/src/Illuminate/Routing/RouteRegistrar.php(135): Illuminate\Routing\Router->group()
#23 /home/zen/www/test-post-crud-app/app/Providers/RouteServiceProvider.php(45): Illuminate\Routing\RouteRegistrar->group()
#24 /home/zen/www/test-post-crud-app/vendor/laravel/framework/src/Illuminate/Container/BoundMethod.php(36): App\Providers\RouteServiceProvider->App\Providers\{closure}()
#25 /home/zen/www/test-post-crud-app/vendor/laravel/framework/src/Illuminate/Container/Util.php(40): Illuminate\Container\BoundMethod::Illuminate\Container\{closure}()
#26 /home/zen/www/test-post-crud-app/vendor/laravel/framework/src/Illuminate/Container/BoundMethod.php(81): Illuminate\Container\Util::unwrapIfClosure()
#27 /home/zen/www/test-post-crud-app/vendor/laravel/framework/src/Illuminate/Container/BoundMethod.php(37): Illuminate\Container\BoundMethod::callBoundMethod()
#28 /home/zen/www/test-post-crud-app/vendor/laravel/framework/src/Illuminate/Container/Container.php(611): Illuminate\Container\BoundMethod::call()
#29 /home/zen/www/test-post-crud-app/vendor/laravel/framework/src/Illuminate/Foundation/Support/Providers/RouteServiceProvider.php(120): Illuminate\Container\Container->call()
#30 /home/zen/www/test-post-crud-app/vendor/laravel/framework/src/Illuminate/Foundation/Support/Providers/RouteServiceProvider.php(45): Illuminate\Foundation\Support\Providers\RouteServiceProvider->loadRoutes()
#31 /home/zen/www/test-post-crud-app/vendor/laravel/framework/src/Illuminate/Container/BoundMethod.php(36): Illuminate\Foundation\Support\Providers\RouteServiceProvider->Illuminate\Foundation\Support\Providers\{closure}()
#32 /home/zen/www/test-post-crud-app/vendor/laravel/framework/src/Illuminate/Container/Util.php(40): Illuminate\Container\BoundMethod::Illuminate\Container\{closure}()
#33 /home/zen/www/test-post-crud-app/vendor/laravel/framework/src/Illuminate/Container/BoundMethod.php(81): Illuminate\Container\Util::unwrapIfClosure()
#34 /home/zen/www/test-post-crud-app/vendor/laravel/framework/src/Illuminate/Container/BoundMethod.php(37): Illuminate\Container\BoundMethod::callBoundMethod()
#35 /home/zen/www/test-post-crud-app/vendor/laravel/framework/src/Illuminate/Container/Container.php(611): Illuminate\Container\BoundMethod::call()
#36 /home/zen/www/test-post-crud-app/vendor/laravel/framework/src/Illuminate/Support/ServiceProvider.php(113): Illuminate\Container\Container->call()
#37 /home/zen/www/test-post-crud-app/vendor/laravel/framework/src/Illuminate/Foundation/Application.php(917): Illuminate\Support\ServiceProvider->callBootedCallbacks()
#38 /home/zen/www/test-post-crud-app/vendor/laravel/framework/src/Illuminate/Foundation/Application.php(895): Illuminate\Foundation\Application->bootProvider()
#39 [internal function]: Illuminate\Foundation\Application->Illuminate\Foundation\{closure}()
#40 /home/zen/www/test-post-crud-app/vendor/laravel/framework/src/Illuminate/Foundation/Application.php(896): array_walk()
#41 /home/zen/www/test-post-crud-app/vendor/laravel/framework/src/Illuminate/Foundation/Bootstrap/BootProviders.php(17): Illuminate\Foundation\Application->boot()
#42 /home/zen/www/test-post-crud-app/vendor/laravel/framework/src/Illuminate/Foundation/Application.php(237): Illuminate\Foundation\Bootstrap\BootProviders->bootstrap()
#43 /home/zen/www/test-post-crud-app/vendor/laravel/framework/src/Illuminate/Foundation/Console/Kernel.php(310): Illuminate\Foundation\Application->bootstrapWith()
#44 /home/zen/www/test-post-crud-app/vendor/laravel/framework/src/Illuminate/Foundation/Console/Kernel.php(127): Illuminate\Foundation\Console\Kernel->bootstrap()
#45 Command line code(1): Illuminate\Foundation\Console\Kernel->handle()
#46 {main} in /home/zen/www/test-post-crud-app/app/Http/Controllers/Auth/UpdateProfileImageController.php on line 9
[30-Jul-2021 13:12:45 Asia/Singapore] PHP Fatal error:  During class fetch: Uncaught ParseError: syntax error, unexpected token "}" in /home/zen/www/test-post-crud-app/app/Traits/FileHandleTrait.php:17
Stack trace:
#0 /home/zen/www/test-post-crud-app/vendor/composer/ClassLoader.php(346): Composer\Autoload\includeFile()
#1 /home/zen/www/test-post-crud-app/app/Http/Controllers/Auth/UpdateProfileImageController.php(9): Composer\Autoload\ClassLoader->loadClass()
#2 /home/zen/www/test-post-crud-app/vendor/composer/ClassLoader.php(480): include('...')
#3 /home/zen/www/test-post-crud-app/vendor/composer/ClassLoader.php(346): Composer\Autoload\includeFile()
#4 [internal function]: Composer\Autoload\ClassLoader->loadClass()
#5 /home/zen/www/test-post-crud-app/vendor/laravel/framework/src/Illuminate/Routing/RouteAction.php(91): method_exists()
#6 /home/zen/www/test-post-crud-app/vendor/laravel/framework/src/Illuminate/Routing/RouteAction.php(47): Illuminate\Routing\RouteAction::makeInvokable()
#7 /home/zen/www/test-post-crud-app/vendor/laravel/framework/src/Illuminate/Routing/Route.php(183): Illuminate\Routing\RouteAction::parse()
#8 /home/zen/www/test-post-crud-app/vendor/laravel/framework/src/Illuminate/Routing/Route.php(164): Illuminate\Routing\Route->parseAction()
#9 /home/zen/www/test-post-crud-app/vendor/laravel/framework/src/Illuminate/Routing/Router.php(557): Illuminate\Routing\Route->__construct()
#10 /home/zen/www/test-post-crud-app/vendor/laravel/framework/src/Illuminate/Routing/Router.php(476): Illuminate\Routing\Router->newRoute()
#11 /home/zen/www/test-post-crud-app/vendor/laravel/framework/src/Illuminate/Routing/Router.php(455): Illuminate\Routing\Router->createRoute()
#12 /home/zen/www/test-post-crud-app/vendor/laravel/framework/src/Illuminate/Routing/Router.php(159): Illuminate\Routing\Router->addRoute()
#13 /home/zen/www/test-post-crud-app/vendor/laravel/framework/src/Illuminate/Support/Facades/Facade.php(261): Illuminate\Routing\Router->post()
#14 /home/zen/www/test-post-crud-app/routes/api.php(43): Illuminate\Support\Facades\Facade::__callStatic()
#15 /home/zen/www/test-post-crud-app/vendor/laravel/framework/src/Illuminate/Routing/Router.php(423): Illuminate\Routing\RouteFileRegistrar->{closure}()
#16 /home/zen/www/test-post-crud-app/vendor/laravel/framework/src/Illuminate/Routing/Router.php(382): Illuminate\Routing\Router->loadRoutes()
#17 /home/zen/www/test-post-crud-app/vendor/laravel/framework/src/Illuminate/Routing/RouteRegistrar.php(135): Illuminate\Routing\Router->group()
#18 /home/zen/www/test-post-crud-app/routes/api.php(44): Illuminate\Routing\RouteRegistrar->group()
#19 /home/zen/www/test-post-crud-app/vendor/laravel/framework/src/Illuminate/Routing/RouteFileRegistrar.php(35): require('...')
#20 /home/zen/www/test-post-crud-app/vendor/laravel/framework/src/Illuminate/Routing/Router.php(425): Illuminate\Routing\RouteFileRegistrar->register()
#21 /home/zen/www/test-post-crud-app/vendor/laravel/framework/src/Illuminate/Routing/Router.php(382): Illuminate\Routing\Router->loadRoutes()
#22 /home/zen/www/test-post-crud-app/vendor/laravel/framework/src/Illuminate/Routing/RouteRegistrar.php(135): Illuminate\Routing\Router->group()
#23 /home/zen/www/test-post-crud-app/app/Providers/RouteServiceProvider.php(45): Illuminate\Routing\RouteRegistrar->group()
#24 /home/zen/www/test-post-crud-app/vendor/laravel/framework/src/Illuminate/Container/BoundMethod.php(36): App\Providers\RouteServiceProvider->App\Providers\{closure}()
#25 /home/zen/www/test-post-crud-app/vendor/laravel/framework/src/Illuminate/Container/Util.php(40): Illuminate\Container\BoundMethod::Illuminate\Container\{closure}()
#26 /home/zen/www/test-post-crud-app/vendor/laravel/framework/src/Illuminate/Container/BoundMethod.php(81): Illuminate\Container\Util::unwrapIfClosure()
#27 /home/zen/www/test-post-crud-app/vendor/laravel/framework/src/Illuminate/Container/BoundMethod.php(37): Illuminate\Container\BoundMethod::callBoundMethod()
#28 /home/zen/www/test-post-crud-app/vendor/laravel/framework/src/Illuminate/Container/Container.php(611): Illuminate\Container\BoundMethod::call()
#29 /home/zen/www/test-post-crud-app/vendor/laravel/framework/src/Illuminate/Foundation/Support/Providers/RouteServiceProvider.php(120): Illuminate\Container\Container->call()
#30 /home/zen/www/test-post-crud-app/vendor/laravel/framework/src/Illuminate/Foundation/Support/Providers/RouteServiceProvider.php(45): Illuminate\Foundation\Support\Providers\RouteServiceProvider->loadRoutes()
#31 /home/zen/www/test-post-crud-app/vendor/laravel/framework/src/Illuminate/Container/BoundMethod.php(36): Illuminate\Foundation\Support\Providers\RouteServiceProvider->Illuminate\Foundation\Support\Providers\{closure}()
#32 /home/zen/www/test-post-crud-app/vendor/laravel/framework/src/Illuminate/Container/Util.php(40): Illuminate\Container\BoundMethod::Illuminate\Container\{closure}()
#33 /home/zen/www/test-post-crud-app/vendor/laravel/framework/src/Illuminate/Container/BoundMethod.php(81): Illuminate\Container\Util::unwrapIfClosure()
#34 /home/zen/www/test-post-crud-app/vendor/laravel/framework/src/Illuminate/Container/BoundMethod.php(37): Illuminate\Container\BoundMethod::callBoundMethod()
#35 /home/zen/www/test-post-crud-app/vendor/laravel/framework/src/Illuminate/Container/Container.php(611): Illuminate\Container\BoundMethod::call()
#36 /home/zen/www/test-post-crud-app/vendor/laravel/framework/src/Illuminate/Support/ServiceProvider.php(113): Illuminate\Container\Container->call()
#37 /home/zen/www/test-post-crud-app/vendor/laravel/framework/src/Illuminate/Foundation/Application.php(917): Illuminate\Support\ServiceProvider->callBootedCallbacks()
#38 /home/zen/www/test-post-crud-app/vendor/laravel/framework/src/Illuminate/Foundation/Application.php(895): Illuminate\Foundation\Application->bootProvider()
#39 [internal function]: Illuminate\Foundation\Application->Illuminate\Foundation\{closure}()
#40 /home/zen/www/test-post-crud-app/vendor/laravel/framework/src/Illuminate/Foundation/Application.php(896): array_walk()
#41 /home/zen/www/test-post-crud-app/vendor/laravel/framework/src/Illuminate/Foundation/Bootstrap/BootProviders.php(17): Illuminate\Foundation\Application->boot()
#42 /home/zen/www/test-post-crud-app/vendor/laravel/framework/src/Illuminate/Foundation/Application.php(237): Illuminate\Foundation\Bootstrap\BootProviders->bootstrap()
#43 /home/zen/www/test-post-crud-app/vendor/laravel/framework/src/Illuminate/Foundation/Console/Kernel.php(310): Illuminate\Foundation\Application->bootstrapWith()
#44 /home/zen/www/test-post-crud-app/vendor/laravel/framework/src/Illuminate/Foundation/Console/Kernel.php(127): Illuminate\Foundation\Console\Kernel->bootstrap()
#45 Command line code(1): Illuminate\Foundation\Console\Kernel->handle()
#46 {main} in /home/zen/www/test-post-crud-app/app/Http/Controllers/Auth/UpdateProfileImageController.php on line 9
[30-Jul-2021 13:12:45 Asia/Singapore] PHP Fatal error:  During class fetch: Uncaught ParseError: syntax error, unexpected token "}" in /home/zen/www/test-post-crud-app/app/Traits/FileHandleTrait.php:17
Stack trace:
#0 /home/zen/www/test-post-crud-app/vendor/composer/ClassLoader.php(346): Composer\Autoload\includeFile()
#1 /home/zen/www/test-post-crud-app/app/Http/Controllers/Auth/UpdateProfileImageController.php(9): Composer\Autoload\ClassLoader->loadClass()
#2 /home/zen/www/test-post-crud-app/vendor/composer/ClassLoader.php(480): include('...')
#3 /home/zen/www/test-post-crud-app/vendor/composer/ClassLoader.php(346): Composer\Autoload\includeFile()
#4 [internal function]: Composer\Autoload\ClassLoader->loadClass()
#5 /home/zen/www/test-post-crud-app/vendor/laravel/framework/src/Illuminate/Routing/RouteAction.php(91): method_exists()
#6 /home/zen/www/test-post-crud-app/vendor/laravel/framework/src/Illuminate/Routing/RouteAction.php(47): Illuminate\Routing\RouteAction::makeInvokable()
#7 /home/zen/www/test-post-crud-app/vendor/laravel/framework/src/Illuminate/Routing/Route.php(183): Illuminate\Routing\RouteAction::parse()
#8 /home/zen/www/test-post-crud-app/vendor/laravel/framework/src/Illuminate/Routing/Route.php(164): Illuminate\Routing\Route->parseAction()
#9 /home/zen/www/test-post-crud-app/vendor/laravel/framework/src/Illuminate/Routing/Router.php(557): Illuminate\Routing\Route->__construct()
#10 /home/zen/www/test-post-crud-app/vendor/laravel/framework/src/Illuminate/Routing/Router.php(476): Illuminate\Routing\Router->newRoute()
#11 /home/zen/www/test-post-crud-app/vendor/laravel/framework/src/Illuminate/Routing/Router.php(455): Illuminate\Routing\Router->createRoute()
#12 /home/zen/www/test-post-crud-app/vendor/laravel/framework/src/Illuminate/Routing/Router.php(159): Illuminate\Routing\Router->addRoute()
#13 /home/zen/www/test-post-crud-app/vendor/laravel/framework/src/Illuminate/Support/Facades/Facade.php(261): Illuminate\Routing\Router->post()
#14 /home/zen/www/test-post-crud-app/routes/api.php(43): Illuminate\Support\Facades\Facade::__callStatic()
#15 /home/zen/www/test-post-crud-app/vendor/laravel/framework/src/Illuminate/Routing/Router.php(423): Illuminate\Routing\RouteFileRegistrar->{closure}()
#16 /home/zen/www/test-post-crud-app/vendor/laravel/framework/src/Illuminate/Routing/Router.php(382): Illuminate\Routing\Router->loadRoutes()
#17 /home/zen/www/test-post-crud-app/vendor/laravel/framework/src/Illuminate/Routing/RouteRegistrar.php(135): Illuminate\Routing\Router->group()
#18 /home/zen/www/test-post-crud-app/routes/api.php(44): Illuminate\Routing\RouteRegistrar->group()
#19 /home/zen/www/test-post-crud-app/vendor/laravel/framework/src/Illuminate/Routing/RouteFileRegistrar.php(35): require('...')
#20 /home/zen/www/test-post-crud-app/vendor/laravel/framework/src/Illuminate/Routing/Router.php(425): Illuminate\Routing\RouteFileRegistrar->register()
#21 /home/zen/www/test-post-crud-app/vendor/laravel/framework/src/Illuminate/Routing/Router.php(382): Illuminate\Routing\Router->loadRoutes()
#22 /home/zen/www/test-post-crud-app/vendor/laravel/framework/src/Illuminate/Routing/RouteRegistrar.php(135): Illuminate\Routing\Router->group()
#23 /home/zen/www/test-post-crud-app/app/Providers/RouteServiceProvider.php(45): Illuminate\Routing\RouteRegistrar->group()
#24 /home/zen/www/test-post-crud-app/vendor/laravel/framework/src/Illuminate/Container/BoundMethod.php(36): App\Providers\RouteServiceProvider->App\Providers\{closure}()
#25 /home/zen/www/test-post-crud-app/vendor/laravel/framework/src/Illuminate/Container/Util.php(40): Illuminate\Container\BoundMethod::Illuminate\Container\{closure}()
#26 /home/zen/www/test-post-crud-app/vendor/laravel/framework/src/Illuminate/Container/BoundMethod.php(81): Illuminate\Container\Util::unwrapIfClosure()
#27 /home/zen/www/test-post-crud-app/vendor/laravel/framework/src/Illuminate/Container/BoundMethod.php(37): Illuminate\Container\BoundMethod::callBoundMethod()
#28 /home/zen/www/test-post-crud-app/vendor/laravel/framework/src/Illuminate/Container/Container.php(611): Illuminate\Container\BoundMethod::call()
#29 /home/zen/www/test-post-crud-app/vendor/laravel/framework/src/Illuminate/Foundation/Support/Providers/RouteServiceProvider.php(120): Illuminate\Container\Container->call()
#30 /home/zen/www/test-post-crud-app/vendor/laravel/framework/src/Illuminate/Foundation/Support/Providers/RouteServiceProvider.php(45): Illuminate\Foundation\Support\Providers\RouteServiceProvider->loadRoutes()
#31 /home/zen/www/test-post-crud-app/vendor/laravel/framework/src/Illuminate/Container/BoundMethod.php(36): Illuminate\Foundation\Support\Providers\RouteServiceProvider->Illuminate\Foundation\Support\Providers\{closure}()
#32 /home/zen/www/test-post-crud-app/vendor/laravel/framework/src/Illuminate/Container/Util.php(40): Illuminate\Container\BoundMethod::Illuminate\Container\{closure}()
#33 /home/zen/www/test-post-crud-app/vendor/laravel/framework/src/Illuminate/Container/BoundMethod.php(81): Illuminate\Container\Util::unwrapIfClosure()
#34 /home/zen/www/test-post-crud-app/vendor/laravel/framework/src/Illuminate/Container/BoundMethod.php(37): Illuminate\Container\BoundMethod::callBoundMethod()
#35 /home/zen/www/test-post-crud-app/vendor/laravel/framework/src/Illuminate/Container/Container.php(611): Illuminate\Container\BoundMethod::call()
#36 /home/zen/www/test-post-crud-app/vendor/laravel/framework/src/Illuminate/Support/ServiceProvider.php(113): Illuminate\Container\Container->call()
#37 /home/zen/www/test-post-crud-app/vendor/laravel/framework/src/Illuminate/Foundation/Application.php(917): Illuminate\Support\ServiceProvider->callBootedCallbacks()
#38 /home/zen/www/test-post-crud-app/vendor/laravel/framework/src/Illuminate/Foundation/Application.php(895): Illuminate\Foundation\Application->bootProvider()
#39 [internal function]: Illuminate\Foundation\Application->Illuminate\Foundation\{closure}()
#40 /home/zen/www/test-post-crud-app/vendor/laravel/framework/src/Illuminate/Foundation/Application.php(896): array_walk()
#41 /home/zen/www/test-post-crud-app/vendor/laravel/framework/src/Illuminate/Foundation/Bootstrap/BootProviders.php(17): Illuminate\Foundation\Application->boot()
#42 /home/zen/www/test-post-crud-app/vendor/laravel/framework/src/Illuminate/Foundation/Application.php(237): Illuminate\Foundation\Bootstrap\BootProviders->bootstrap()
#43 /home/zen/www/test-post-crud-app/vendor/laravel/framework/src/Illuminate/Foundation/Console/Kernel.php(310): Illuminate\Foundation\Application->bootstrapWith()
#44 /home/zen/www/test-post-crud-app/vendor/laravel/framework/src/Illuminate/Foundation/Console/Kernel.php(127): Illuminate\Foundation\Console\Kernel->bootstrap()
#45 Command line code(1): Illuminate\Foundation\Console\Kernel->handle()
#46 {main} in /home/zen/www/test-post-crud-app/app/Http/Controllers/Auth/UpdateProfileImageController.php on line 9
[30-Jul-2021 13:13:33 Asia/Singapore] PHP Fatal error:  During class fetch: Uncaught ParseError: syntax error, unexpected token "}" in /home/zen/www/test-post-crud-app/app/Traits/FileHandleTrait.php:17
Stack trace:
#0 /home/zen/www/test-post-crud-app/vendor/composer/ClassLoader.php(346): Composer\Autoload\includeFile()
#1 /home/zen/www/test-post-crud-app/app/Http/Controllers/Auth/UpdateProfileImageController.php(9): Composer\Autoload\ClassLoader->loadClass()
#2 /home/zen/www/test-post-crud-app/vendor/composer/ClassLoader.php(480): include('...')
#3 /home/zen/www/test-post-crud-app/vendor/composer/ClassLoader.php(346): Composer\Autoload\includeFile()
#4 [internal function]: Composer\Autoload\ClassLoader->loadClass()
#5 /home/zen/www/test-post-crud-app/vendor/laravel/framework/src/Illuminate/Routing/RouteAction.php(91): method_exists()
#6 /home/zen/www/test-post-crud-app/vendor/laravel/framework/src/Illuminate/Routing/RouteAction.php(47): Illuminate\Routing\RouteAction::makeInvokable()
#7 /home/zen/www/test-post-crud-app/vendor/laravel/framework/src/Illuminate/Routing/Route.php(183): Illuminate\Routing\RouteAction::parse()
#8 /home/zen/www/test-post-crud-app/vendor/laravel/framework/src/Illuminate/Routing/Route.php(164): Illuminate\Routing\Route->parseAction()
#9 /home/zen/www/test-post-crud-app/vendor/laravel/framework/src/Illuminate/Routing/Router.php(557): Illuminate\Routing\Route->__construct()
#10 /home/zen/www/test-post-crud-app/vendor/laravel/framework/src/Illuminate/Routing/Router.php(476): Illuminate\Routing\Router->newRoute()
#11 /home/zen/www/test-post-crud-app/vendor/laravel/framework/src/Illuminate/Routing/Router.php(455): Illuminate\Routing\Router->createRoute()
#12 /home/zen/www/test-post-crud-app/vendor/laravel/framework/src/Illuminate/Routing/Router.php(159): Illuminate\Routing\Router->addRoute()
#13 /home/zen/www/test-post-crud-app/vendor/laravel/framework/src/Illuminate/Support/Facades/Facade.php(261): Illuminate\Routing\Router->post()
#14 /home/zen/www/test-post-crud-app/routes/api.php(43): Illuminate\Support\Facades\Facade::__callStatic()
#15 /home/zen/www/test-post-crud-app/vendor/laravel/framework/src/Illuminate/Routing/Router.php(423): Illuminate\Routing\RouteFileRegistrar->{closure}()
#16 /home/zen/www/test-post-crud-app/vendor/laravel/framework/src/Illuminate/Routing/Router.php(382): Illuminate\Routing\Router->loadRoutes()
#17 /home/zen/www/test-post-crud-app/vendor/laravel/framework/src/Illuminate/Routing/RouteRegistrar.php(135): Illuminate\Routing\Router->group()
#18 /home/zen/www/test-post-crud-app/routes/api.php(44): Illuminate\Routing\RouteRegistrar->group()
#19 /home/zen/www/test-post-crud-app/vendor/laravel/framework/src/Illuminate/Routing/RouteFileRegistrar.php(35): require('...')
#20 /home/zen/www/test-post-crud-app/vendor/laravel/framework/src/Illuminate/Routing/Router.php(425): Illuminate\Routing\RouteFileRegistrar->register()
#21 /home/zen/www/test-post-crud-app/vendor/laravel/framework/src/Illuminate/Routing/Router.php(382): Illuminate\Routing\Router->loadRoutes()
#22 /home/zen/www/test-post-crud-app/vendor/laravel/framework/src/Illuminate/Routing/RouteRegistrar.php(135): Illuminate\Routing\Router->group()
#23 /home/zen/www/test-post-crud-app/app/Providers/RouteServiceProvider.php(45): Illuminate\Routing\RouteRegistrar->group()
#24 /home/zen/www/test-post-crud-app/vendor/laravel/framework/src/Illuminate/Container/BoundMethod.php(36): App\Providers\RouteServiceProvider->App\Providers\{closure}()
#25 /home/zen/www/test-post-crud-app/vendor/laravel/framework/src/Illuminate/Container/Util.php(40): Illuminate\Container\BoundMethod::Illuminate\Container\{closure}()
#26 /home/zen/www/test-post-crud-app/vendor/laravel/framework/src/Illuminate/Container/BoundMethod.php(81): Illuminate\Container\Util::unwrapIfClosure()
#27 /home/zen/www/test-post-crud-app/vendor/laravel/framework/src/Illuminate/Container/BoundMethod.php(37): Illuminate\Container\BoundMethod::callBoundMethod()
#28 /home/zen/www/test-post-crud-app/vendor/laravel/framework/src/Illuminate/Container/Container.php(611): Illuminate\Container\BoundMethod::call()
#29 /home/zen/www/test-post-crud-app/vendor/laravel/framework/src/Illuminate/Foundation/Support/Providers/RouteServiceProvider.php(120): Illuminate\Container\Container->call()
#30 /home/zen/www/test-post-crud-app/vendor/laravel/framework/src/Illuminate/Foundation/Support/Providers/RouteServiceProvider.php(45): Illuminate\Foundation\Support\Providers\RouteServiceProvider->loadRoutes()
#31 /home/zen/www/test-post-crud-app/vendor/laravel/framework/src/Illuminate/Container/BoundMethod.php(36): Illuminate\Foundation\Support\Providers\RouteServiceProvider->Illuminate\Foundation\Support\Providers\{closure}()
#32 /home/zen/www/test-post-crud-app/vendor/laravel/framework/src/Illuminate/Container/Util.php(40): Illuminate\Container\BoundMethod::Illuminate\Container\{closure}()
#33 /home/zen/www/test-post-crud-app/vendor/laravel/framework/src/Illuminate/Container/BoundMethod.php(81): Illuminate\Container\Util::unwrapIfClosure()
#34 /home/zen/www/test-post-crud-app/vendor/laravel/framework/src/Illuminate/Container/BoundMethod.php(37): Illuminate\Container\BoundMethod::callBoundMethod()
#35 /home/zen/www/test-post-crud-app/vendor/laravel/framework/src/Illuminate/Container/Container.php(611): Illuminate\Container\BoundMethod::call()
#36 /home/zen/www/test-post-crud-app/vendor/laravel/framework/src/Illuminate/Support/ServiceProvider.php(113): Illuminate\Container\Container->call()
#37 /home/zen/www/test-post-crud-app/vendor/laravel/framework/src/Illuminate/Foundation/Application.php(917): Illuminate\Support\ServiceProvider->callBootedCallbacks()
#38 /home/zen/www/test-post-crud-app/vendor/laravel/framework/src/Illuminate/Foundation/Application.php(895): Illuminate\Foundation\Application->bootProvider()
#39 [internal function]: Illuminate\Foundation\Application->Illuminate\Foundation\{closure}()
#40 /home/zen/www/test-post-crud-app/vendor/laravel/framework/src/Illuminate/Foundation/Application.php(896): array_walk()
#41 /home/zen/www/test-post-crud-app/vendor/laravel/framework/src/Illuminate/Foundation/Bootstrap/BootProviders.php(17): Illuminate\Foundation\Application->boot()
#42 /home/zen/www/test-post-crud-app/vendor/laravel/framework/src/Illuminate/Foundation/Application.php(237): Illuminate\Foundation\Bootstrap\BootProviders->bootstrap()
#43 /home/zen/www/test-post-crud-app/vendor/laravel/framework/src/Illuminate/Foundation/Console/Kernel.php(310): Illuminate\Foundation\Application->bootstrapWith()
#44 /home/zen/www/test-post-crud-app/vendor/laravel/framework/src/Illuminate/Foundation/Console/Kernel.php(127): Illuminate\Foundation\Console\Kernel->bootstrap()
#45 Command line code(1): Illuminate\Foundation\Console\Kernel->handle()
#46 {main} in /home/zen/www/test-post-crud-app/app/Http/Controllers/Auth/UpdateProfileImageController.php on line 9
[30-Jul-2021 13:13:45 Asia/Singapore] PHP Fatal error:  During class fetch: Uncaught ParseError: syntax error, unexpected token "}" in /home/zen/www/test-post-crud-app/app/Traits/FileHandleTrait.php:17
Stack trace:
#0 /home/zen/www/test-post-crud-app/vendor/composer/ClassLoader.php(346): Composer\Autoload\includeFile()
#1 /home/zen/www/test-post-crud-app/app/Http/Controllers/Auth/UpdateProfileImageController.php(9): Composer\Autoload\ClassLoader->loadClass()
#2 /home/zen/www/test-post-crud-app/vendor/composer/ClassLoader.php(480): include('...')
#3 /home/zen/www/test-post-crud-app/vendor/composer/ClassLoader.php(346): Composer\Autoload\includeFile()
#4 [internal function]: Composer\Autoload\ClassLoader->loadClass()
#5 /home/zen/www/test-post-crud-app/vendor/laravel/framework/src/Illuminate/Routing/RouteAction.php(91): method_exists()
#6 /home/zen/www/test-post-crud-app/vendor/laravel/framework/src/Illuminate/Routing/RouteAction.php(47): Illuminate\Routing\RouteAction::makeInvokable()
#7 /home/zen/www/test-post-crud-app/vendor/laravel/framework/src/Illuminate/Routing/Route.php(183): Illuminate\Routing\RouteAction::parse()
#8 /home/zen/www/test-post-crud-app/vendor/laravel/framework/src/Illuminate/Routing/Route.php(164): Illuminate\Routing\Route->parseAction()
#9 /home/zen/www/test-post-crud-app/vendor/laravel/framework/src/Illuminate/Routing/Router.php(557): Illuminate\Routing\Route->__construct()
#10 /home/zen/www/test-post-crud-app/vendor/laravel/framework/src/Illuminate/Routing/Router.php(476): Illuminate\Routing\Router->newRoute()
#11 /home/zen/www/test-post-crud-app/vendor/laravel/framework/src/Illuminate/Routing/Router.php(455): Illuminate\Routing\Router->createRoute()
#12 /home/zen/www/test-post-crud-app/vendor/laravel/framework/src/Illuminate/Routing/Router.php(159): Illuminate\Routing\Router->addRoute()
#13 /home/zen/www/test-post-crud-app/vendor/laravel/framework/src/Illuminate/Support/Facades/Facade.php(261): Illuminate\Routing\Router->post()
#14 /home/zen/www/test-post-crud-app/routes/api.php(43): Illuminate\Support\Facades\Facade::__callStatic()
#15 /home/zen/www/test-post-crud-app/vendor/laravel/framework/src/Illuminate/Routing/Router.php(423): Illuminate\Routing\RouteFileRegistrar->{closure}()
#16 /home/zen/www/test-post-crud-app/vendor/laravel/framework/src/Illuminate/Routing/Router.php(382): Illuminate\Routing\Router->loadRoutes()
#17 /home/zen/www/test-post-crud-app/vendor/laravel/framework/src/Illuminate/Routing/RouteRegistrar.php(135): Illuminate\Routing\Router->group()
#18 /home/zen/www/test-post-crud-app/routes/api.php(44): Illuminate\Routing\RouteRegistrar->group()
#19 /home/zen/www/test-post-crud-app/vendor/laravel/framework/src/Illuminate/Routing/RouteFileRegistrar.php(35): require('...')
#20 /home/zen/www/test-post-crud-app/vendor/laravel/framework/src/Illuminate/Routing/Router.php(425): Illuminate\Routing\RouteFileRegistrar->register()
#21 /home/zen/www/test-post-crud-app/vendor/laravel/framework/src/Illuminate/Routing/Router.php(382): Illuminate\Routing\Router->loadRoutes()
#22 /home/zen/www/test-post-crud-app/vendor/laravel/framework/src/Illuminate/Routing/RouteRegistrar.php(135): Illuminate\Routing\Router->group()
#23 /home/zen/www/test-post-crud-app/app/Providers/RouteServiceProvider.php(45): Illuminate\Routing\RouteRegistrar->group()
#24 /home/zen/www/test-post-crud-app/vendor/laravel/framework/src/Illuminate/Container/BoundMethod.php(36): App\Providers\RouteServiceProvider->App\Providers\{closure}()
#25 /home/zen/www/test-post-crud-app/vendor/laravel/framework/src/Illuminate/Container/Util.php(40): Illuminate\Container\BoundMethod::Illuminate\Container\{closure}()
#26 /home/zen/www/test-post-crud-app/vendor/laravel/framework/src/Illuminate/Container/BoundMethod.php(81): Illuminate\Container\Util::unwrapIfClosure()
#27 /home/zen/www/test-post-crud-app/vendor/laravel/framework/src/Illuminate/Container/BoundMethod.php(37): Illuminate\Container\BoundMethod::callBoundMethod()
#28 /home/zen/www/test-post-crud-app/vendor/laravel/framework/src/Illuminate/Container/Container.php(611): Illuminate\Container\BoundMethod::call()
#29 /home/zen/www/test-post-crud-app/vendor/laravel/framework/src/Illuminate/Foundation/Support/Providers/RouteServiceProvider.php(120): Illuminate\Container\Container->call()
#30 /home/zen/www/test-post-crud-app/vendor/laravel/framework/src/Illuminate/Foundation/Support/Providers/RouteServiceProvider.php(45): Illuminate\Foundation\Support\Providers\RouteServiceProvider->loadRoutes()
#31 /home/zen/www/test-post-crud-app/vendor/laravel/framework/src/Illuminate/Container/BoundMethod.php(36): Illuminate\Foundation\Support\Providers\RouteServiceProvider->Illuminate\Foundation\Support\Providers\{closure}()
#32 /home/zen/www/test-post-crud-app/vendor/laravel/framework/src/Illuminate/Container/Util.php(40): Illuminate\Container\BoundMethod::Illuminate\Container\{closure}()
#33 /home/zen/www/test-post-crud-app/vendor/laravel/framework/src/Illuminate/Container/BoundMethod.php(81): Illuminate\Container\Util::unwrapIfClosure()
#34 /home/zen/www/test-post-crud-app/vendor/laravel/framework/src/Illuminate/Container/BoundMethod.php(37): Illuminate\Container\BoundMethod::callBoundMethod()
#35 /home/zen/www/test-post-crud-app/vendor/laravel/framework/src/Illuminate/Container/Container.php(611): Illuminate\Container\BoundMethod::call()
#36 /home/zen/www/test-post-crud-app/vendor/laravel/framework/src/Illuminate/Support/ServiceProvider.php(113): Illuminate\Container\Container->call()
#37 /home/zen/www/test-post-crud-app/vendor/laravel/framework/src/Illuminate/Foundation/Application.php(917): Illuminate\Support\ServiceProvider->callBootedCallbacks()
#38 /home/zen/www/test-post-crud-app/vendor/laravel/framework/src/Illuminate/Foundation/Application.php(895): Illuminate\Foundation\Application->bootProvider()
#39 [internal function]: Illuminate\Foundation\Application->Illuminate\Foundation\{closure}()
#40 /home/zen/www/test-post-crud-app/vendor/laravel/framework/src/Illuminate/Foundation/Application.php(896): array_walk()
#41 /home/zen/www/test-post-crud-app/vendor/laravel/framework/src/Illuminate/Foundation/Bootstrap/BootProviders.php(17): Illuminate\Foundation\Application->boot()
#42 /home/zen/www/test-post-crud-app/vendor/laravel/framework/src/Illuminate/Foundation/Application.php(237): Illuminate\Foundation\Bootstrap\BootProviders->bootstrap()
#43 /home/zen/www/test-post-crud-app/vendor/laravel/framework/src/Illuminate/Foundation/Console/Kernel.php(310): Illuminate\Foundation\Application->bootstrapWith()
#44 /home/zen/www/test-post-crud-app/vendor/laravel/framework/src/Illuminate/Foundation/Console/Kernel.php(127): Illuminate\Foundation\Console\Kernel->bootstrap()
#45 Command line code(1): Illuminate\Foundation\Console\Kernel->handle()
#46 {main} in /home/zen/www/test-post-crud-app/app/Http/Controllers/Auth/UpdateProfileImageController.php on line 9
[30-Jul-2021 13:13:45 Asia/Singapore] PHP Fatal error:  During class fetch: Uncaught ParseError: syntax error, unexpected token "}" in /home/zen/www/test-post-crud-app/app/Traits/FileHandleTrait.php:17
Stack trace:
#0 /home/zen/www/test-post-crud-app/vendor/composer/ClassLoader.php(346): Composer\Autoload\includeFile()
#1 /home/zen/www/test-post-crud-app/app/Http/Controllers/Auth/UpdateProfileImageController.php(9): Composer\Autoload\ClassLoader->loadClass()
#2 /home/zen/www/test-post-crud-app/vendor/composer/ClassLoader.php(480): include('...')
#3 /home/zen/www/test-post-crud-app/vendor/composer/ClassLoader.php(346): Composer\Autoload\includeFile()
#4 [internal function]: Composer\Autoload\ClassLoader->loadClass()
#5 /home/zen/www/test-post-crud-app/vendor/laravel/framework/src/Illuminate/Routing/RouteAction.php(91): method_exists()
#6 /home/zen/www/test-post-crud-app/vendor/laravel/framework/src/Illuminate/Routing/RouteAction.php(47): Illuminate\Routing\RouteAction::makeInvokable()
#7 /home/zen/www/test-post-crud-app/vendor/laravel/framework/src/Illuminate/Routing/Route.php(183): Illuminate\Routing\RouteAction::parse()
#8 /home/zen/www/test-post-crud-app/vendor/laravel/framework/src/Illuminate/Routing/Route.php(164): Illuminate\Routing\Route->parseAction()
#9 /home/zen/www/test-post-crud-app/vendor/laravel/framework/src/Illuminate/Routing/Router.php(557): Illuminate\Routing\Route->__construct()
#10 /home/zen/www/test-post-crud-app/vendor/laravel/framework/src/Illuminate/Routing/Router.php(476): Illuminate\Routing\Router->newRoute()
#11 /home/zen/www/test-post-crud-app/vendor/laravel/framework/src/Illuminate/Routing/Router.php(455): Illuminate\Routing\Router->createRoute()
#12 /home/zen/www/test-post-crud-app/vendor/laravel/framework/src/Illuminate/Routing/Router.php(159): Illuminate\Routing\Router->addRoute()
#13 /home/zen/www/test-post-crud-app/vendor/laravel/framework/src/Illuminate/Support/Facades/Facade.php(261): Illuminate\Routing\Router->post()
#14 /home/zen/www/test-post-crud-app/routes/api.php(43): Illuminate\Support\Facades\Facade::__callStatic()
#15 /home/zen/www/test-post-crud-app/vendor/laravel/framework/src/Illuminate/Routing/Router.php(423): Illuminate\Routing\RouteFileRegistrar->{closure}()
#16 /home/zen/www/test-post-crud-app/vendor/laravel/framework/src/Illuminate/Routing/Router.php(382): Illuminate\Routing\Router->loadRoutes()
#17 /home/zen/www/test-post-crud-app/vendor/laravel/framework/src/Illuminate/Routing/RouteRegistrar.php(135): Illuminate\Routing\Router->group()
#18 /home/zen/www/test-post-crud-app/routes/api.php(44): Illuminate\Routing\RouteRegistrar->group()
#19 /home/zen/www/test-post-crud-app/vendor/laravel/framework/src/Illuminate/Routing/RouteFileRegistrar.php(35): require('...')
#20 /home/zen/www/test-post-crud-app/vendor/laravel/framework/src/Illuminate/Routing/Router.php(425): Illuminate\Routing\RouteFileRegistrar->register()
#21 /home/zen/www/test-post-crud-app/vendor/laravel/framework/src/Illuminate/Routing/Router.php(382): Illuminate\Routing\Router->loadRoutes()
#22 /home/zen/www/test-post-crud-app/vendor/laravel/framework/src/Illuminate/Routing/RouteRegistrar.php(135): Illuminate\Routing\Router->group()
#23 /home/zen/www/test-post-crud-app/app/Providers/RouteServiceProvider.php(45): Illuminate\Routing\RouteRegistrar->group()
#24 /home/zen/www/test-post-crud-app/vendor/laravel/framework/src/Illuminate/Container/BoundMethod.php(36): App\Providers\RouteServiceProvider->App\Providers\{closure}()
#25 /home/zen/www/test-post-crud-app/vendor/laravel/framework/src/Illuminate/Container/Util.php(40): Illuminate\Container\BoundMethod::Illuminate\Container\{closure}()
#26 /home/zen/www/test-post-crud-app/vendor/laravel/framework/src/Illuminate/Container/BoundMethod.php(81): Illuminate\Container\Util::unwrapIfClosure()
#27 /home/zen/www/test-post-crud-app/vendor/laravel/framework/src/Illuminate/Container/BoundMethod.php(37): Illuminate\Container\BoundMethod::callBoundMethod()
#28 /home/zen/www/test-post-crud-app/vendor/laravel/framework/src/Illuminate/Container/Container.php(611): Illuminate\Container\BoundMethod::call()
#29 /home/zen/www/test-post-crud-app/vendor/laravel/framework/src/Illuminate/Foundation/Support/Providers/RouteServiceProvider.php(120): Illuminate\Container\Container->call()
#30 /home/zen/www/test-post-crud-app/vendor/laravel/framework/src/Illuminate/Foundation/Support/Providers/RouteServiceProvider.php(45): Illuminate\Foundation\Support\Providers\RouteServiceProvider->loadRoutes()
#31 /home/zen/www/test-post-crud-app/vendor/laravel/framework/src/Illuminate/Container/BoundMethod.php(36): Illuminate\Foundation\Support\Providers\RouteServiceProvider->Illuminate\Foundation\Support\Providers\{closure}()
#32 /home/zen/www/test-post-crud-app/vendor/laravel/framework/src/Illuminate/Container/Util.php(40): Illuminate\Container\BoundMethod::Illuminate\Container\{closure}()
#33 /home/zen/www/test-post-crud-app/vendor/laravel/framework/src/Illuminate/Container/BoundMethod.php(81): Illuminate\Container\Util::unwrapIfClosure()
#34 /home/zen/www/test-post-crud-app/vendor/laravel/framework/src/Illuminate/Container/BoundMethod.php(37): Illuminate\Container\BoundMethod::callBoundMethod()
#35 /home/zen/www/test-post-crud-app/vendor/laravel/framework/src/Illuminate/Container/Container.php(611): Illuminate\Container\BoundMethod::call()
#36 /home/zen/www/test-post-crud-app/vendor/laravel/framework/src/Illuminate/Support/ServiceProvider.php(113): Illuminate\Container\Container->call()
#37 /home/zen/www/test-post-crud-app/vendor/laravel/framework/src/Illuminate/Foundation/Application.php(917): Illuminate\Support\ServiceProvider->callBootedCallbacks()
#38 /home/zen/www/test-post-crud-app/vendor/laravel/framework/src/Illuminate/Foundation/Application.php(895): Illuminate\Foundation\Application->bootProvider()
#39 [internal function]: Illuminate\Foundation\Application->Illuminate\Foundation\{closure}()
#40 /home/zen/www/test-post-crud-app/vendor/laravel/framework/src/Illuminate/Foundation/Application.php(896): array_walk()
#41 /home/zen/www/test-post-crud-app/vendor/laravel/framework/src/Illuminate/Foundation/Bootstrap/BootProviders.php(17): Illuminate\Foundation\Application->boot()
#42 /home/zen/www/test-post-crud-app/vendor/laravel/framework/src/Illuminate/Foundation/Application.php(237): Illuminate\Foundation\Bootstrap\BootProviders->bootstrap()
#43 /home/zen/www/test-post-crud-app/vendor/laravel/framework/src/Illuminate/Foundation/Console/Kernel.php(310): Illuminate\Foundation\Application->bootstrapWith()
#44 /home/zen/www/test-post-crud-app/vendor/laravel/framework/src/Illuminate/Foundation/Console/Kernel.php(127): Illuminate\Foundation\Console\Kernel->bootstrap()
#45 Command line code(1): Illuminate\Foundation\Console\Kernel->handle()
#46 {main} in /home/zen/www/test-post-crud-app/app/Http/Controllers/Auth/UpdateProfileImageController.php on line 9
